INFO : 2022-09-06 09:21:46,685 : dataVisualizer : __init__ --> 
    #####-->    Data visualizer logger for data preparation notebook    <--#####

INFO : 2022-09-06 09:22:30,373 : dataVisualizer : __init__ --> 
    #####-->    Data visualizer logger for data preparation notebook    <--#####

INFO : 2022-09-06 13:48:00,480 : dataVisualizer : __init__ --> 
    #####-->    Data visualizer logger for data preparation notebook    <--#####

INFO : 2022-09-06 14:07:48,677 : dataVisualizer : __init__ --> 
    #####-->    Data visualizer logger for data preparation notebook    <--#####

INFO : 2022-09-06 15:05:34,013 : dataVisualizer : __init__ --> 
    #####-->    Data visualizer logger for data preparation notebook    <--#####

INFO : 2022-09-06 15:15:46,148 : dataVisualizer : __init__ --> 
    #####-->    Data visualizer logger for data preparation notebook    <--#####

INFO : 2022-09-06 15:17:02,751 : dataVisualizer : __init__ --> 
    #####-->    Data visualizer logger for data preparation notebook    <--#####

INFO : 2022-09-06 15:25:41,902 : dataVisualizer : __init__ --> 
    #####-->    Data visualizer logger for data preparation notebook    <--#####

INFO : 2022-09-06 15:56:58,378 : dataVisualizer : __init__ --> 
    #####-->    Data visualizer logger for data preparation notebook    <--#####

INFO : 2022-09-06 15:56:58,378 : dataVisualizer : __init__ --> 
    #####-->    Data visualizer logger for data preparation notebook    <--#####

INFO : 2022-09-06 15:59:51,307 : dataVisualizer : __init__ --> 
    #####-->    Data visualizer logger for data preparation notebook    <--#####

INFO : 2022-09-06 16:06:29,493 : dataVisualizer : __init__ --> 
    #####-->    Data visualizer logger for data preparation notebook    <--#####

INFO : 2022-09-06 18:38:16,499 : dataVisualizer : __init__ --> 
    #####-->    Data visualizer logger for data preparation notebook    <--#####

INFO : 2022-09-06 18:38:44,368 : dataVisualizer : plot_box --> setting up box plot
INFO : 2022-09-06 18:38:46,814 : dataVisualizer : plot_box --> Outliers box plot plotted successfully
INFO : 2022-09-06 22:05:16,881 : dataVisualizer : __init__ --> 
    #####-->    Data visualizer logger for data preparation notebook    <--#####

INFO : 2022-09-06 22:13:45,798 : dataVisualizer : __init__ --> 
    #####-->    Data visualizer logger for data preparation notebook    <--#####

INFO : 2022-09-06 22:14:08,901 : dataVisualizer : plot_box --> setting up box plot
INFO : 2022-09-06 22:14:11,187 : dataVisualizer : plot_box --> Outliers box plot plotted successfully
INFO : 2022-09-06 22:14:11,855 : dataVisualizer : plot_box --> setting up box plot
INFO : 2022-09-06 22:14:13,127 : dataVisualizer : plot_box --> Outliers box plot plotted successfully
INFO : 2022-09-06 22:14:13,498 : dataVisualizer : plot_box --> setting up box plot
INFO : 2022-09-06 22:14:15,016 : dataVisualizer : plot_box --> Outliers box plot plotted successfully
INFO : 2022-09-06 22:14:15,318 : dataVisualizer : plot_box --> setting up box plot
INFO : 2022-09-06 22:14:16,394 : dataVisualizer : plot_box --> Outliers box plot plotted successfully
INFO : 2022-09-06 22:14:16,553 : dataVisualizer : plot_box --> setting up box plot
INFO : 2022-09-06 22:14:17,256 : dataVisualizer : plot_box --> Outliers box plot plotted successfully
INFO : 2022-09-06 22:14:17,494 : dataVisualizer : plot_box --> setting up box plot
INFO : 2022-09-06 22:14:18,317 : dataVisualizer : plot_box --> Outliers box plot plotted successfully
INFO : 2022-09-06 22:14:18,541 : dataVisualizer : plot_box --> setting up box plot
INFO : 2022-09-06 22:14:19,171 : dataVisualizer : plot_box --> Outliers box plot plotted successfully
INFO : 2022-09-06 22:14:19,290 : dataVisualizer : plot_box --> setting up box plot
INFO : 2022-09-06 22:14:19,913 : dataVisualizer : plot_box --> Outliers box plot plotted successfully
INFO : 2022-09-06 22:14:20,143 : dataVisualizer : plot_box --> setting up box plot
INFO : 2022-09-06 22:14:20,960 : dataVisualizer : plot_box --> Outliers box plot plotted successfully
INFO : 2022-09-06 22:14:21,103 : dataVisualizer : plot_box --> setting up box plot
INFO : 2022-09-06 22:14:22,078 : dataVisualizer : plot_box --> Outliers box plot plotted successfully
INFO : 2022-09-06 22:50:24,169 : dataVisualizer : __init__ --> 
    #####-->    Data visualizer logger for data preparation notebook    <--#####

INFO : 2022-09-06 22:51:06,154 : dataVisualizer : plot_box --> setting up box plot
INFO : 2022-09-06 22:51:22,525 : dataVisualizer : plot_box --> Outliers box plot plotted successfully
INFO : 2022-09-06 22:51:22,973 : dataVisualizer : plot_box --> setting up box plot
INFO : 2022-09-06 22:51:23,868 : dataVisualizer : plot_box --> Outliers box plot plotted successfully
INFO : 2022-09-06 22:51:24,110 : dataVisualizer : plot_box --> setting up box plot
INFO : 2022-09-06 22:51:25,283 : dataVisualizer : plot_box --> Outliers box plot plotted successfully
INFO : 2022-09-06 22:51:25,471 : dataVisualizer : plot_box --> setting up box plot
INFO : 2022-09-06 22:51:26,365 : dataVisualizer : plot_box --> Outliers box plot plotted successfully
INFO : 2022-09-06 22:51:26,772 : dataVisualizer : plot_box --> setting up box plot
INFO : 2022-09-06 22:51:27,256 : dataVisualizer : plot_box --> Outliers box plot plotted successfully
INFO : 2022-09-06 22:51:27,649 : dataVisualizer : plot_box --> setting up box plot
INFO : 2022-09-06 22:51:28,123 : dataVisualizer : plot_box --> Outliers box plot plotted successfully
INFO : 2022-09-06 22:51:29,284 : dataVisualizer : plot_box --> setting up box plot
INFO : 2022-09-06 22:51:29,902 : dataVisualizer : plot_box --> Outliers box plot plotted successfully
INFO : 2022-09-06 22:51:30,144 : dataVisualizer : plot_box --> setting up box plot
INFO : 2022-09-06 22:51:30,769 : dataVisualizer : plot_box --> Outliers box plot plotted successfully
INFO : 2022-09-06 22:51:30,976 : dataVisualizer : plot_box --> setting up box plot
INFO : 2022-09-06 22:51:31,638 : dataVisualizer : plot_box --> Outliers box plot plotted successfully
INFO : 2022-09-06 22:51:31,962 : dataVisualizer : plot_box --> setting up box plot
INFO : 2022-09-06 22:51:36,434 : dataVisualizer : plot_box --> Outliers box plot plotted successfully
INFO : 2022-09-07 08:09:41,667 : dataVisualizer : __init__ --> 
    #####-->    Data visualizer logger for data preparation notebook    <--#####

INFO : 2022-09-07 08:10:03,373 : dataVisualizer : plot_box --> setting up box plot
INFO : 2022-09-07 08:10:05,753 : dataVisualizer : plot_box --> Outliers box plot plotted successfully
INFO : 2022-09-07 08:10:06,052 : dataVisualizer : plot_box --> setting up box plot
INFO : 2022-09-07 08:10:06,991 : dataVisualizer : plot_box --> Outliers box plot plotted successfully
INFO : 2022-09-07 08:10:07,118 : dataVisualizer : plot_box --> setting up box plot
INFO : 2022-09-07 08:10:07,811 : dataVisualizer : plot_box --> Outliers box plot plotted successfully
INFO : 2022-09-07 08:10:07,886 : dataVisualizer : plot_box --> setting up box plot
INFO : 2022-09-07 08:10:08,436 : dataVisualizer : plot_box --> Outliers box plot plotted successfully
INFO : 2022-09-07 08:10:08,511 : dataVisualizer : plot_box --> setting up box plot
INFO : 2022-09-07 08:10:08,849 : dataVisualizer : plot_box --> Outliers box plot plotted successfully
INFO : 2022-09-07 08:10:09,019 : dataVisualizer : plot_box --> setting up box plot
INFO : 2022-09-07 08:10:09,477 : dataVisualizer : plot_box --> Outliers box plot plotted successfully
INFO : 2022-09-07 08:10:09,576 : dataVisualizer : plot_box --> setting up box plot
INFO : 2022-09-07 08:10:09,972 : dataVisualizer : plot_box --> Outliers box plot plotted successfully
INFO : 2022-09-07 08:10:10,128 : dataVisualizer : plot_box --> setting up box plot
INFO : 2022-09-07 08:10:10,635 : dataVisualizer : plot_box --> Outliers box plot plotted successfully
INFO : 2022-09-07 08:10:11,083 : dataVisualizer : plot_box --> setting up box plot
INFO : 2022-09-07 08:10:11,700 : dataVisualizer : plot_box --> Outliers box plot plotted successfully
INFO : 2022-09-07 08:10:11,884 : dataVisualizer : plot_box --> setting up box plot
INFO : 2022-09-07 08:10:12,458 : dataVisualizer : plot_box --> Outliers box plot plotted successfully
INFO : 2022-09-07 09:17:17,364 : dataVisualizer : __init__ --> 
    #####-->    Data visualizer logger for explanatory data analysis notebook    <--#####

INFO : 2022-09-07 09:27:08,629 : dataVisualizer : __init__ --> 
    #####-->    Data visualizer logger for exploratory data analysis notebook    <--#####

INFO : 2022-09-07 09:27:08,629 : dataVisualizer : __init__ --> 
    #####-->    Data visualizer logger for exploratory data analysis notebook    <--#####

INFO : 2022-09-07 13:32:26,617 : dataVisualizer : __init__ --> 
    #####-->    Data visualizer logger for exploratory data analysis notebook    <--#####

INFO : 2022-09-07 13:38:18,236 : dataVisualizer : plot_hist --> setting up distribution plot
INFO : 2022-09-07 13:38:33,311 : dataVisualizer : plot_hist --> Promo hist plot plotted successfully
INFO : 2022-09-07 14:01:47,675 : dataVisualizer : plot_hist --> setting up distribution plot
INFO : 2022-09-07 14:01:49,655 : dataVisualizer : plot_hist --> Promo hist plot plotted successfully
INFO : 2022-09-07 14:05:55,852 : dataVisualizer : plot_pie --> StoreType pie plot plotted successfully
INFO : 2022-09-07 14:07:42,980 : dataVisualizer : plot_pie --> Assortment pie plot plotted successfully
INFO : 2022-09-07 14:08:01,843 : dataVisualizer : plot_count --> setting up count plot
INFO : 2022-09-07 14:08:02,815 : dataVisualizer : plot_count --> DayOfWeek count plot plotted successfully
INFO : 2022-09-07 14:08:24,662 : dataVisualizer : plot_hist --> setting up distribution plot
INFO : 2022-09-07 14:08:50,722 : dataVisualizer : plot_hist --> Sales hist plot plotted successfully
INFO : 2022-09-07 14:09:27,196 : dataVisualizer : plot_hist --> setting up distribution plot
INFO : 2022-09-07 14:09:48,054 : dataVisualizer : plot_hist --> Customers hist plot plotted successfully
INFO : 2022-09-07 14:09:48,791 : dataVisualizer : plot_count --> setting up count plot
INFO : 2022-09-07 14:09:50,402 : dataVisualizer : plot_count --> Open count plot plotted successfully
INFO : 2022-09-07 14:09:51,619 : dataVisualizer : plot_count --> setting up count plot
INFO : 2022-09-07 14:09:52,166 : dataVisualizer : plot_count --> Promo count plot plotted successfully
INFO : 2022-09-07 14:12:50,787 : dataVisualizer : plot_count --> setting up count plot
INFO : 2022-09-07 14:12:50,857 : dataVisualizer : plot_count --> Promo2 count plot plotted successfully
INFO : 2022-09-07 14:38:36,876 : dataVisualizer : plot_scatter --> setting up scatter plot
INFO : 2022-09-07 14:39:48,751 : dataVisualizer : plot_scatter --> scatter for month and sales scatter plot plotted successfully
INFO : 2022-09-07 14:41:16,149 : dataVisualizer : plot_scatter --> setting up scatter plot
INFO : 2022-09-07 14:42:28,692 : dataVisualizer : plot_scatter --> scatter for month and customers scatter plot plotted successfully
INFO : 2022-09-07 22:03:14,386 : dataVisualizer : __init__ --> 
    #####-->    Data visualizer logger for data preparation notebook    <--#####

INFO : 2022-09-07 22:03:34,288 : dataVisualizer : plot_box --> setting up box plot
INFO : 2022-09-07 22:03:35,948 : dataVisualizer : plot_box --> Outliers box plot plotted successfully
INFO : 2022-09-07 22:03:36,367 : dataVisualizer : plot_box --> setting up box plot
INFO : 2022-09-07 22:03:36,918 : dataVisualizer : plot_box --> Outliers box plot plotted successfully
INFO : 2022-09-07 22:03:37,334 : dataVisualizer : plot_box --> setting up box plot
INFO : 2022-09-07 22:03:37,951 : dataVisualizer : plot_box --> Outliers box plot plotted successfully
INFO : 2022-09-07 22:03:38,084 : dataVisualizer : plot_box --> setting up box plot
INFO : 2022-09-07 22:03:38,859 : dataVisualizer : plot_box --> Outliers box plot plotted successfully
INFO : 2022-09-07 22:03:39,203 : dataVisualizer : plot_box --> setting up box plot
INFO : 2022-09-07 22:03:39,596 : dataVisualizer : plot_box --> Outliers box plot plotted successfully
INFO : 2022-09-07 22:03:39,716 : dataVisualizer : plot_box --> setting up box plot
INFO : 2022-09-07 22:03:40,274 : dataVisualizer : plot_box --> Outliers box plot plotted successfully
INFO : 2022-09-07 22:03:40,663 : dataVisualizer : plot_box --> setting up box plot
INFO : 2022-09-07 22:03:41,101 : dataVisualizer : plot_box --> Outliers box plot plotted successfully
INFO : 2022-09-07 22:03:41,271 : dataVisualizer : plot_box --> setting up box plot
INFO : 2022-09-07 22:03:42,185 : dataVisualizer : plot_box --> Outliers box plot plotted successfully
INFO : 2022-09-07 22:03:42,580 : dataVisualizer : plot_box --> setting up box plot
INFO : 2022-09-07 22:03:43,039 : dataVisualizer : plot_box --> Outliers box plot plotted successfully
INFO : 2022-09-07 22:03:43,463 : dataVisualizer : plot_box --> setting up box plot
INFO : 2022-09-07 22:03:43,984 : dataVisualizer : plot_box --> Outliers box plot plotted successfully
INFO : 2022-09-07 22:25:33,090 : dataVisualizer : __init__ --> 
    #####-->    Data visualizer logger for exploratory data analysis notebook    <--#####

INFO : 2022-09-07 22:27:20,619 : dataVisualizer : plot_hist --> setting up distribution plot
INFO : 2022-09-07 22:27:36,041 : dataVisualizer : plot_hist --> Promo hist plot plotted successfully
INFO : 2022-09-07 22:27:36,608 : dataVisualizer : plot_hist --> setting up distribution plot
INFO : 2022-09-07 22:27:40,571 : dataVisualizer : plot_hist --> Promo hist plot plotted successfully
INFO : 2022-09-07 22:29:54,055 : dataVisualizer : plot_hist --> setting up distribution plot
INFO : 2022-09-07 22:29:56,160 : dataVisualizer : plot_hist --> CompetitionDistance hist plot plotted successfully
INFO : 2022-09-07 22:30:36,727 : dataVisualizer : plot_hist --> setting up distribution plot
INFO : 2022-09-07 22:30:39,188 : dataVisualizer : plot_hist --> CompetitionDistance hist plot plotted successfully
INFO : 2022-09-07 22:53:19,736 : dataVisualizer : __init__ --> 
    #####-->    Data visualizer logger for exploratory data analysis notebook    <--#####

INFO : 2022-09-07 23:46:58,690 : dataVisualizer : __init__ --> 
    #####-->    Data visualizer logger for data preparation notebook    <--#####

INFO : 2022-09-07 23:47:33,648 : dataVisualizer : __init__ --> 
    #####-->    Data visualizer logger for data preparation notebook    <--#####

INFO : 2022-09-07 23:47:33,648 : dataVisualizer : __init__ --> 
    #####-->    Data visualizer logger for data preparation notebook    <--#####

INFO : 2022-09-07 23:47:59,812 : dataVisualizer : __init__ --> 
    #####-->    Data visualizer logger for data preparation notebook    <--#####

INFO : 2022-09-07 23:47:59,812 : dataVisualizer : __init__ --> 
    #####-->    Data visualizer logger for data preparation notebook    <--#####

INFO : 2022-09-07 23:47:59,812 : dataVisualizer : __init__ --> 
    #####-->    Data visualizer logger for data preparation notebook    <--#####

INFO : 2022-09-07 23:48:28,467 : dataVisualizer : __init__ --> 
    #####-->    Data visualizer logger for data preparation notebook    <--#####

INFO : 2022-09-07 23:48:28,467 : dataVisualizer : __init__ --> 
    #####-->    Data visualizer logger for data preparation notebook    <--#####

INFO : 2022-09-07 23:48:28,467 : dataVisualizer : __init__ --> 
    #####-->    Data visualizer logger for data preparation notebook    <--#####

INFO : 2022-09-07 23:48:28,467 : dataVisualizer : __init__ --> 
    #####-->    Data visualizer logger for data preparation notebook    <--#####

INFO : 2022-09-07 23:49:19,317 : dataVisualizer : plot_box --> setting up box plot
INFO : 2022-09-07 23:49:19,317 : dataVisualizer : plot_box --> setting up box plot
INFO : 2022-09-07 23:49:19,317 : dataVisualizer : plot_box --> setting up box plot
INFO : 2022-09-07 23:49:19,317 : dataVisualizer : plot_box --> setting up box plot
INFO : 2022-09-07 23:49:22,337 : dataVisualizer : plot_box --> Outliers box plot plotted successfully
INFO : 2022-09-07 23:49:22,337 : dataVisualizer : plot_box --> Outliers box plot plotted successfully
INFO : 2022-09-07 23:49:22,337 : dataVisualizer : plot_box --> Outliers box plot plotted successfully
INFO : 2022-09-07 23:49:22,337 : dataVisualizer : plot_box --> Outliers box plot plotted successfully
INFO : 2022-09-07 23:49:22,691 : dataVisualizer : plot_box --> setting up box plot
INFO : 2022-09-07 23:49:22,691 : dataVisualizer : plot_box --> setting up box plot
INFO : 2022-09-07 23:49:22,691 : dataVisualizer : plot_box --> setting up box plot
INFO : 2022-09-07 23:49:22,691 : dataVisualizer : plot_box --> setting up box plot
INFO : 2022-09-07 23:49:23,809 : dataVisualizer : plot_box --> Outliers box plot plotted successfully
INFO : 2022-09-07 23:49:23,809 : dataVisualizer : plot_box --> Outliers box plot plotted successfully
INFO : 2022-09-07 23:49:23,809 : dataVisualizer : plot_box --> Outliers box plot plotted successfully
INFO : 2022-09-07 23:49:23,809 : dataVisualizer : plot_box --> Outliers box plot plotted successfully
INFO : 2022-09-07 23:49:24,960 : dataVisualizer : plot_box --> setting up box plot
INFO : 2022-09-07 23:49:24,960 : dataVisualizer : plot_box --> setting up box plot
INFO : 2022-09-07 23:49:24,960 : dataVisualizer : plot_box --> setting up box plot
INFO : 2022-09-07 23:49:24,960 : dataVisualizer : plot_box --> setting up box plot
INFO : 2022-09-07 23:49:26,274 : dataVisualizer : plot_box --> Outliers box plot plotted successfully
INFO : 2022-09-07 23:49:26,274 : dataVisualizer : plot_box --> Outliers box plot plotted successfully
INFO : 2022-09-07 23:49:26,274 : dataVisualizer : plot_box --> Outliers box plot plotted successfully
INFO : 2022-09-07 23:49:26,274 : dataVisualizer : plot_box --> Outliers box plot plotted successfully
INFO : 2022-09-07 23:49:27,284 : dataVisualizer : plot_box --> setting up box plot
INFO : 2022-09-07 23:49:27,284 : dataVisualizer : plot_box --> setting up box plot
INFO : 2022-09-07 23:49:27,284 : dataVisualizer : plot_box --> setting up box plot
INFO : 2022-09-07 23:49:27,284 : dataVisualizer : plot_box --> setting up box plot
INFO : 2022-09-07 23:49:28,519 : dataVisualizer : plot_box --> Outliers box plot plotted successfully
INFO : 2022-09-07 23:49:28,519 : dataVisualizer : plot_box --> Outliers box plot plotted successfully
INFO : 2022-09-07 23:49:28,519 : dataVisualizer : plot_box --> Outliers box plot plotted successfully
INFO : 2022-09-07 23:49:28,519 : dataVisualizer : plot_box --> Outliers box plot plotted successfully
INFO : 2022-09-07 23:49:28,674 : dataVisualizer : plot_box --> setting up box plot
INFO : 2022-09-07 23:49:28,674 : dataVisualizer : plot_box --> setting up box plot
INFO : 2022-09-07 23:49:28,674 : dataVisualizer : plot_box --> setting up box plot
INFO : 2022-09-07 23:49:28,674 : dataVisualizer : plot_box --> setting up box plot
INFO : 2022-09-07 23:49:29,705 : dataVisualizer : plot_box --> Outliers box plot plotted successfully
INFO : 2022-09-07 23:49:29,705 : dataVisualizer : plot_box --> Outliers box plot plotted successfully
INFO : 2022-09-07 23:49:29,705 : dataVisualizer : plot_box --> Outliers box plot plotted successfully
INFO : 2022-09-07 23:49:29,705 : dataVisualizer : plot_box --> Outliers box plot plotted successfully
INFO : 2022-09-07 23:49:30,045 : dataVisualizer : plot_box --> setting up box plot
INFO : 2022-09-07 23:49:30,045 : dataVisualizer : plot_box --> setting up box plot
INFO : 2022-09-07 23:49:30,045 : dataVisualizer : plot_box --> setting up box plot
INFO : 2022-09-07 23:49:30,045 : dataVisualizer : plot_box --> setting up box plot
INFO : 2022-09-07 23:49:30,738 : dataVisualizer : plot_box --> Outliers box plot plotted successfully
INFO : 2022-09-07 23:49:30,738 : dataVisualizer : plot_box --> Outliers box plot plotted successfully
INFO : 2022-09-07 23:49:30,738 : dataVisualizer : plot_box --> Outliers box plot plotted successfully
INFO : 2022-09-07 23:49:30,738 : dataVisualizer : plot_box --> Outliers box plot plotted successfully
INFO : 2022-09-07 23:49:30,944 : dataVisualizer : plot_box --> setting up box plot
INFO : 2022-09-07 23:49:30,944 : dataVisualizer : plot_box --> setting up box plot
INFO : 2022-09-07 23:49:30,944 : dataVisualizer : plot_box --> setting up box plot
INFO : 2022-09-07 23:49:30,944 : dataVisualizer : plot_box --> setting up box plot
INFO : 2022-09-07 23:49:31,608 : dataVisualizer : plot_box --> Outliers box plot plotted successfully
INFO : 2022-09-07 23:49:31,608 : dataVisualizer : plot_box --> Outliers box plot plotted successfully
INFO : 2022-09-07 23:49:31,608 : dataVisualizer : plot_box --> Outliers box plot plotted successfully
INFO : 2022-09-07 23:49:31,608 : dataVisualizer : plot_box --> Outliers box plot plotted successfully
INFO : 2022-09-07 23:49:31,945 : dataVisualizer : plot_box --> setting up box plot
INFO : 2022-09-07 23:49:31,945 : dataVisualizer : plot_box --> setting up box plot
INFO : 2022-09-07 23:49:31,945 : dataVisualizer : plot_box --> setting up box plot
INFO : 2022-09-07 23:49:31,945 : dataVisualizer : plot_box --> setting up box plot
INFO : 2022-09-07 23:49:32,666 : dataVisualizer : plot_box --> Outliers box plot plotted successfully
INFO : 2022-09-07 23:49:32,666 : dataVisualizer : plot_box --> Outliers box plot plotted successfully
INFO : 2022-09-07 23:49:32,666 : dataVisualizer : plot_box --> Outliers box plot plotted successfully
INFO : 2022-09-07 23:49:32,666 : dataVisualizer : plot_box --> Outliers box plot plotted successfully
INFO : 2022-09-07 23:49:33,175 : dataVisualizer : plot_box --> setting up box plot
INFO : 2022-09-07 23:49:33,175 : dataVisualizer : plot_box --> setting up box plot
INFO : 2022-09-07 23:49:33,175 : dataVisualizer : plot_box --> setting up box plot
INFO : 2022-09-07 23:49:33,175 : dataVisualizer : plot_box --> setting up box plot
INFO : 2022-09-07 23:49:34,011 : dataVisualizer : plot_box --> Outliers box plot plotted successfully
INFO : 2022-09-07 23:49:34,011 : dataVisualizer : plot_box --> Outliers box plot plotted successfully
INFO : 2022-09-07 23:49:34,011 : dataVisualizer : plot_box --> Outliers box plot plotted successfully
INFO : 2022-09-07 23:49:34,011 : dataVisualizer : plot_box --> Outliers box plot plotted successfully
INFO : 2022-09-07 23:49:34,364 : dataVisualizer : plot_box --> setting up box plot
INFO : 2022-09-07 23:49:34,364 : dataVisualizer : plot_box --> setting up box plot
INFO : 2022-09-07 23:49:34,364 : dataVisualizer : plot_box --> setting up box plot
INFO : 2022-09-07 23:49:34,364 : dataVisualizer : plot_box --> setting up box plot
INFO : 2022-09-07 23:49:35,167 : dataVisualizer : plot_box --> Outliers box plot plotted successfully
INFO : 2022-09-07 23:49:35,167 : dataVisualizer : plot_box --> Outliers box plot plotted successfully
INFO : 2022-09-07 23:49:35,167 : dataVisualizer : plot_box --> Outliers box plot plotted successfully
INFO : 2022-09-07 23:49:35,167 : dataVisualizer : plot_box --> Outliers box plot plotted successfully
INFO : 2022-09-07 23:54:42,470 : dataVisualizer : __init__ --> 
    #####-->    Data visualizer logger for exploratory data analysis notebook    <--#####

INFO : 2022-09-07 23:55:43,793 : dataVisualizer : plot_hist --> setting up distribution plot
INFO : 2022-09-07 23:55:56,630 : dataVisualizer : plot_hist --> Promo hist plot plotted successfully
INFO : 2022-09-07 23:55:56,798 : dataVisualizer : plot_hist --> setting up distribution plot
INFO : 2022-09-07 23:55:58,766 : dataVisualizer : plot_hist --> Promo hist plot plotted successfully
INFO : 2022-09-07 23:56:41,361 : dataVisualizer : plot_count --> setting up count plot
INFO : 2022-09-07 23:56:41,698 : dataVisualizer : plot_count --> DayOfWeek count plot plotted successfully
INFO : 2022-09-07 23:56:42,845 : dataVisualizer : plot_hist --> setting up distribution plot
INFO : 2022-09-07 23:56:58,143 : dataVisualizer : plot_hist --> Sales hist plot plotted successfully
INFO : 2022-09-07 23:56:58,363 : dataVisualizer : plot_hist --> setting up distribution plot
INFO : 2022-09-07 23:57:13,181 : dataVisualizer : plot_hist --> Customers hist plot plotted successfully
INFO : 2022-09-07 23:57:13,406 : dataVisualizer : plot_count --> setting up count plot
INFO : 2022-09-07 23:57:13,750 : dataVisualizer : plot_count --> Open count plot plotted successfully
INFO : 2022-09-07 23:57:14,445 : dataVisualizer : plot_count --> setting up count plot
INFO : 2022-09-07 23:57:14,729 : dataVisualizer : plot_count --> Promo count plot plotted successfully
INFO : 2022-09-07 23:57:17,130 : dataVisualizer : plot_count --> setting up count plot
INFO : 2022-09-07 23:57:17,186 : dataVisualizer : plot_count --> Promo2 count plot plotted successfully
INFO : 2022-09-08 00:11:26,125 : dataVisualizer : plot_scatter --> setting up scatter plot
INFO : 2022-09-08 00:12:15,642 : dataVisualizer : plot_scatter --> scatter for month and sales scatter plot plotted successfully
INFO : 2022-09-08 00:12:43,261 : dataVisualizer : plot_scatter --> setting up scatter plot
INFO : 2022-09-08 00:13:33,200 : dataVisualizer : plot_scatter --> scatter for month and customers scatter plot plotted successfully
INFO : 2022-09-08 00:13:34,841 : dataVisualizer : plot_scatter --> setting up scatter plot
INFO : 2022-09-08 00:15:18,564 : dataVisualizer : plot_scatter --> scatter for month and sales scatter plot plotted successfully
INFO : 2022-09-08 00:19:59,866 : dataVisualizer : plot_factor --> setting up factor plot
INFO : 2022-09-08 00:20:50,586 : dataVisualizer : plot_factor --> setting up factor plot
INFO : 2022-09-08 00:23:19,453 : dataVisualizer : plot_factor --> setting up factor plot
INFO : 2022-09-08 00:25:25,485 : dataVisualizer : plot_factor --> setting up factor plot
INFO : 2022-09-08 00:28:14,259 : dataVisualizer : plot_factor --> setting up factor plot
INFO : 2022-09-08 00:29:21,814 : dataVisualizer : plot_factor --> setting up factor plot
INFO : 2022-09-08 00:30:13,140 : dataVisualizer : plot_factor --> setting up factor plot
INFO : 2022-09-08 00:31:02,446 : dataVisualizer : plot_factor --> setting up factor plot
INFO : 2022-09-08 16:17:59,162 : dataVisualizer : __init__ --> 
    #####-->    Data visualizer logger for base line modeling notebook    <--#####

